Using pre-set license
Built from '2020.3/staging' branch; Version is '2020.3.5f1 (8095aa901b9b) revision 8426922'; Using compiler version '192528614'; Build Type 'Release'
OS: 'Windows 10 Education; OS build 19044.1288; Version 2009; 64bit' Language: 'en' Physical Memory: 32704 MB
BatchMode: 1, IsHumanControllingUs: 0, StartBugReporterOnCrash: 0, Is64bit: 1, IsPro: 0

 COMMAND LINE ARGUMENTS:
C:\Program Files\Unity\Hub\Editor\2020.3.5f1\Editor\Unity.exe
-adb2
-batchMode
-noUpm
-name
AssetImportWorker0
-projectPath
C:/Users/s213657/Desktop/New folder/prototype/temo/temp
-logFile
Logs/AssetImportWorker0.log
-srvPort
50410
Successfully changed project path to: C:/Users/s213657/Desktop/New folder/prototype/temo/temp
C:/Users/s213657/Desktop/New folder/prototype/temo/temp
Using Asset Import Pipeline V2.
Refreshing native plugins compatible for Editor in 36.17 ms, found 0 plugins.
Preloading 0 native plugins for Editor in 0.00 ms.
Initialize engine version: 2020.3.5f1 (8095aa901b9b)
[Subsystems] Discovering subsystems at path C:/Program Files/Unity/Hub/Editor/2020.3.5f1/Editor/Data/Resources/UnitySubsystems
[Subsystems] Discovering subsystems at path C:/Users/s213657/Desktop/New folder/prototype/temo/temp/Assets
GfxDevice: creating device client; threaded=0
Direct3D:
    Version:  Direct3D 11.0 [level 11.1]
    Renderer: NVIDIA GeForce GTX 960 (ID=0x1401)
    Vendor:   
    VRAM:     4053 MB
    Driver:   30.0.14.9676
Initialize mono
Mono path[0] = 'C:/Program Files/Unity/Hub/Editor/2020.3.5f1/Editor/Data/Managed'
Mono path[1] = 'C:/Program Files/Unity/Hub/Editor/2020.3.5f1/Editor/Data/MonoBleedingEdge/lib/mono/unityjit'
Mono config path = 'C:/Program Files/Unity/Hub/Editor/2020.3.5f1/Editor/Data/MonoBleedingEdge/etc'
Using monoOptions --debugger-agent=transport=dt_socket,embedding=1,server=y,suspend=n,address=127.0.0.1:56100
Begin MonoManager ReloadAssembly
Registering precompiled unity dll's ...
Register platform support module: C:/Program Files/Unity/Hub/Editor/2020.3.5f1/Editor/Data/PlaybackEngines/WebGLSupport/UnityEditor.WebGL.Extensions.dll
Register platform support module: C:/Program Files/Unity/Hub/Editor/2020.3.5f1/Editor/Data/PlaybackEngines/WindowsStandaloneSupport/UnityEditor.WindowsStandalone.Extensions.dll
Registered in 0.002670 seconds.
Native extension for WindowsStandalone target not found
Native extension for WebGL target not found
Refreshing native plugins compatible for Editor in 29.63 ms, found 0 plugins.
Preloading 0 native plugins for Editor in 0.00 ms.
Mono: successfully reloaded assembly
- Completed reload, in  2.785 seconds
Platform modules already initialized, skipping
Registering precompiled user dll's ...
Registered in 0.000997 seconds.
Begin MonoManager ReloadAssembly
Native extension for WindowsStandalone target not found
Native extension for WebGL target not found
Refreshing native plugins compatible for Editor in 0.22 ms, found 0 plugins.
Preloading 0 native plugins for Editor in 0.00 ms.
Mono: successfully reloaded assembly
- Completed reload, in  0.894 seconds
Platform modules already initialized, skipping
========================================================================
Worker process is ready to serve import requests
Launched and connected shader compiler UnityShaderCompiler.exe after 0.05 seconds
Refreshing native plugins compatible for Editor in 0.35 ms, found 0 plugins.
Preloading 0 native plugins for Editor in 0.00 ms.
Unloading 1132 Unused Serialized files (Serialized files now loaded: 0)
System memory in use before: 59.3 MB.
System memory in use after: 59.4 MB.

Unloading 10 unused Assets to reduce memory usage. Loaded Objects now: 1574.
Total: 2.786700 ms (FindLiveObjects: 0.360200 ms CreateObjectMapping: 0.253100 ms MarkObjects: 2.061600 ms  DeleteObjects: 0.110300 ms)

========================================================================
Received Import Request.
  path: Assets/Plant.prefab
  artifactKey: Guid(be90976dd97681a4ebbb2488608bd930) Importer(815301076,1909f56bfc062723c751e8b465ee728b)
Start importing Assets/Plant.prefab using Guid(be90976dd97681a4ebbb2488608bd930) Importer(815301076,1909f56bfc062723c751e8b465ee728b)  -> (artifact id: 'c6753ba64468e204bbab3d30b3ea1fbe') in 0.357042 seconds
  Import took 0.359817 seconds .

========================================================================
Received Import Request.
  Time since last request: 0.000196 seconds.
  path: Assets/Dirt Patch.prefab
  artifactKey: Guid(405e67c8097998444ac3186a7dc3bf08) Importer(815301076,1909f56bfc062723c751e8b465ee728b)
Start importing Assets/Dirt Patch.prefab using Guid(405e67c8097998444ac3186a7dc3bf08) Importer(815301076,1909f56bfc062723c751e8b465ee728b)  -> (artifact id: '71719e3a638e6a760a19bb757752fca3') in 0.018849 seconds
  Import took 0.022013 seconds .

========================================================================
Received Import Request.
  Time since last request: 0.000274 seconds.
  path: Assets/New Material 2.mat
  artifactKey: Guid(893a8a51528a60341955cc4e2023135a) Importer(815301076,1909f56bfc062723c751e8b465ee728b)
Start importing Assets/New Material 2.mat using Guid(893a8a51528a60341955cc4e2023135a) Importer(815301076,1909f56bfc062723c751e8b465ee728b)  -> (artifact id: '7b9e6aa4cc8d91265c4e477f1e92225c') in 0.043274 seconds
  Import took 0.046104 seconds .

========================================================================
Received Import Request.
  Time since last request: 0.000207 seconds.
  path: Assets/New Material 1.mat
  artifactKey: Guid(8f428ad5b15027a4ba7f0f79abcb2170) Importer(815301076,1909f56bfc062723c751e8b465ee728b)
Start importing Assets/New Material 1.mat using Guid(8f428ad5b15027a4ba7f0f79abcb2170) Importer(815301076,1909f56bfc062723c751e8b465ee728b)  -> (artifact id: '0e6b54da373132546ebe5b02d6197a07') in 0.017299 seconds
  Import took 0.019846 seconds .

========================================================================
Received Import Request.
  Time since last request: 0.000893 seconds.
  path: Assets/New Material.mat
  artifactKey: Guid(c7e5201d5fa091f458bff3cd960daf62) Importer(815301076,1909f56bfc062723c751e8b465ee728b)
Start importing Assets/New Material.mat using Guid(c7e5201d5fa091f458bff3cd960daf62) Importer(815301076,1909f56bfc062723c751e8b465ee728b)  -> (artifact id: '162b8d4555c81c59f2a6028e5b4752a1') in 0.020960 seconds
  Import took 0.024522 seconds .

========================================================================
Received Import Request.
  Time since last request: 0.000226 seconds.
  path: Assets/Player.prefab
  artifactKey: Guid(92fe77f0eb83c8c43b79ce6f459e0f21) Importer(815301076,1909f56bfc062723c751e8b465ee728b)
Start importing Assets/Player.prefab using Guid(92fe77f0eb83c8c43b79ce6f459e0f21) Importer(815301076,1909f56bfc062723c751e8b465ee728b)  -> (artifact id: 'afa34e4b0db96325ba41809fa123dcbc') in 0.016795 seconds
  Import took 0.020005 seconds .

========================================================================
Received Prepare
Registering precompiled user dll's ...
Registered in 0.000673 seconds.
Begin MonoManager ReloadAssembly
Native extension for WindowsStandalone target not found
Native extension for WebGL target not found
Refreshing native plugins compatible for Editor in 0.20 ms, found 0 plugins.
Preloading 0 native plugins for Editor in 0.00 ms.
Mono: successfully reloaded assembly
- Completed reload, in  0.764 seconds
Platform modules already initialized, skipping
Refreshing native plugins compatible for Editor in 0.21 ms, found 0 plugins.
Preloading 0 native plugins for Editor in 0.00 ms.
Unloading 1114 Unused Serialized files (Serialized files now loaded: 0)
System memory in use before: 61.4 MB.
System memory in use after: 61.5 MB.

Unloading 6 unused Assets to reduce memory usage. Loaded Objects now: 1619.
Total: 1.834500 ms (FindLiveObjects: 0.265700 ms CreateObjectMapping: 0.039100 ms MarkObjects: 1.421700 ms  DeleteObjects: 0.106000 ms)

========================================================================
Received Import Request.
  Time since last request: 680.463194 seconds.
  path: Assets/Player.cs
  artifactKey: Guid(4f02fa0e96e708442aa01196512c993d) Importer(815301076,1909f56bfc062723c751e8b465ee728b)
Start importing Assets/Player.cs using Guid(4f02fa0e96e708442aa01196512c993d) Importer(815301076,1909f56bfc062723c751e8b465ee728b)  -> (artifact id: '5b27fd9d82033983053fba070141c81c') in 0.043672 seconds
  Import took 0.045966 seconds .

========================================================================
Received Prepare
Registering precompiled user dll's ...
Registered in 0.000686 seconds.
Begin MonoManager ReloadAssembly
Native extension for WindowsStandalone target not found
Native extension for WebGL target not found
Refreshing native plugins compatible for Editor in 0.22 ms, found 0 plugins.
Preloading 0 native plugins for Editor in 0.00 ms.
Mono: successfully reloaded assembly
- Completed reload, in  1.479 seconds
Platform modules already initialized, skipping
Refreshing native plugins compatible for Editor in 0.32 ms, found 0 plugins.
Preloading 0 native plugins for Editor in 0.00 ms.
Unloading 1114 Unused Serialized files (Serialized files now loaded: 0)
System memory in use before: 61.4 MB.
System memory in use after: 61.5 MB.

Unloading 5 unused Assets to reduce memory usage. Loaded Objects now: 1622.
Total: 1.960000 ms (FindLiveObjects: 0.225500 ms CreateObjectMapping: 0.073800 ms MarkObjects: 1.596400 ms  DeleteObjects: 0.062400 ms)

========================================================================
Received Prepare
Registering precompiled user dll's ...
Registered in 0.000650 seconds.
Begin MonoManager ReloadAssembly
Native extension for WindowsStandalone target not found
Native extension for WebGL target not found
Refreshing native plugins compatible for Editor in 0.23 ms, found 0 plugins.
Preloading 0 native plugins for Editor in 0.00 ms.
Mono: successfully reloaded assembly
- Completed reload, in  0.851 seconds
Platform modules already initialized, skipping
Refreshing native plugins compatible for Editor in 0.21 ms, found 0 plugins.
Preloading 0 native plugins for Editor in 0.00 ms.
Unloading 1114 Unused Serialized files (Serialized files now loaded: 0)
System memory in use before: 61.4 MB.
System memory in use after: 61.5 MB.

Unloading 5 unused Assets to reduce memory usage. Loaded Objects now: 1625.
Total: 2.009800 ms (FindLiveObjects: 0.220100 ms CreateObjectMapping: 0.036600 ms MarkObjects: 1.678700 ms  DeleteObjects: 0.072400 ms)

========================================================================
Received Import Request.
  Time since last request: 133.200185 seconds.
  path: Assets/Player.cs
  artifactKey: Guid(4f02fa0e96e708442aa01196512c993d) Importer(815301076,1909f56bfc062723c751e8b465ee728b)
Start importing Assets/Player.cs using Guid(4f02fa0e96e708442aa01196512c993d) Importer(815301076,1909f56bfc062723c751e8b465ee728b)  -> (artifact id: '609f320920075ef92ab1694ad9c8b304') in 0.004173 seconds
  Import took 0.006565 seconds .

========================================================================
Received Prepare
Registering precompiled user dll's ...
Registered in 0.001015 seconds.
Begin MonoManager ReloadAssembly
Native extension for WindowsStandalone target not found
Native extension for WebGL target not found
Refreshing native plugins compatible for Editor in 0.23 ms, found 0 plugins.
Preloading 0 native plugins for Editor in 0.00 ms.
Mono: successfully reloaded assembly
- Completed reload, in  0.832 seconds
Platform modules already initialized, skipping
Refreshing native plugins compatible for Editor in 0.21 ms, found 0 plugins.
Preloading 0 native plugins for Editor in 0.00 ms.
Unloading 1114 Unused Serialized files (Serialized files now loaded: 0)
System memory in use before: 61.4 MB.
System memory in use after: 61.5 MB.

Unloading 5 unused Assets to reduce memory usage. Loaded Objects now: 1628.
Total: 1.703800 ms (FindLiveObjects: 0.227400 ms CreateObjectMapping: 0.062200 ms MarkObjects: 1.355900 ms  DeleteObjects: 0.056200 ms)

========================================================================
Received Import Request.
  Time since last request: 226.726434 seconds.
  path: Assets/Dirt Patch.prefab
  artifactKey: Guid(405e67c8097998444ac3186a7dc3bf08) Importer(815301076,1909f56bfc062723c751e8b465ee728b)
Start importing Assets/Dirt Patch.prefab using Guid(405e67c8097998444ac3186a7dc3bf08) Importer(815301076,1909f56bfc062723c751e8b465ee728b)  -> (artifact id: '025b86614c31883cf5ad7240365b8b83') in 0.073780 seconds
  Import took 0.077447 seconds .

========================================================================
Received Prepare
Registering precompiled user dll's ...
Registered in 0.000878 seconds.
Begin MonoManager ReloadAssembly
Native extension for WindowsStandalone target not found
Native extension for WebGL target not found
Refreshing native plugins compatible for Editor in 0.22 ms, found 0 plugins.
Preloading 0 native plugins for Editor in 0.00 ms.
Mono: successfully reloaded assembly
- Completed reload, in  0.930 seconds
Platform modules already initialized, skipping
Refreshing native plugins compatible for Editor in 0.31 ms, found 0 plugins.
Preloading 0 native plugins for Editor in 0.00 ms.
Unloading 1114 Unused Serialized files (Serialized files now loaded: 0)
System memory in use before: 61.5 MB.
System memory in use after: 61.6 MB.

Unloading 5 unused Assets to reduce memory usage. Loaded Objects now: 1632.
Total: 1.989800 ms (FindLiveObjects: 0.266400 ms CreateObjectMapping: 0.055700 ms MarkObjects: 1.612800 ms  DeleteObjects: 0.053900 ms)

========================================================================
Received Import Request.
  Time since last request: 44.790858 seconds.
  path: Assets/PlaceableObjects.cs
  artifactKey: Guid(580e5f67ed7f4e2cab6b63d2b4caa7a6) Importer(815301076,1909f56bfc062723c751e8b465ee728b)
Start importing Assets/PlaceableObjects.cs using Guid(580e5f67ed7f4e2cab6b63d2b4caa7a6) Importer(815301076,1909f56bfc062723c751e8b465ee728b)  -> (artifact id: '233d6641360fff91cb8a7e71970da87c') in 0.011527 seconds
  Import took 0.014594 seconds .

========================================================================
Received Import Request.
  Time since last request: 0.041938 seconds.
  path: Assets/PlaceableObjects.cs
  artifactKey: Guid(580e5f67ed7f4e2cab6b63d2b4caa7a6) Importer(815301076,1909f56bfc062723c751e8b465ee728b)
Start importing Assets/PlaceableObjects.cs using Guid(580e5f67ed7f4e2cab6b63d2b4caa7a6) Importer(815301076,1909f56bfc062723c751e8b465ee728b)  -> (artifact id: '233d6641360fff91cb8a7e71970da87c') in 0.004515 seconds
  Import took 0.007532 seconds .

========================================================================
Received Import Request.
  Time since last request: 1607.655356 seconds.
  path: Assets/Dirt.cs
  artifactKey: Guid(a84a7dffffee81d4ba97292f771acbce) Importer(815301076,1909f56bfc062723c751e8b465ee728b)
Start importing Assets/Dirt.cs using Guid(a84a7dffffee81d4ba97292f771acbce) Importer(815301076,1909f56bfc062723c751e8b465ee728b)  -> (artifact id: '4fe77af2787ce9ef0f74261eaf7dc0ed') in 0.010954 seconds
  Import took 0.014139 seconds .

========================================================================
Received Import Request.
  Time since last request: 0.001720 seconds.
  path: Assets/Dirt.cs
  artifactKey: Guid(a84a7dffffee81d4ba97292f771acbce) Importer(815301076,1909f56bfc062723c751e8b465ee728b)
Start importing Assets/Dirt.cs using Guid(a84a7dffffee81d4ba97292f771acbce) Importer(815301076,1909f56bfc062723c751e8b465ee728b)  -> (artifact id: '4fe77af2787ce9ef0f74261eaf7dc0ed') in 0.020266 seconds
  Import took 0.030334 seconds .

========================================================================
Received Prepare
Registering precompiled user dll's ...
Registered in 0.000841 seconds.
Begin MonoManager ReloadAssembly
Native extension for WindowsStandalone target not found
Native extension for WebGL target not found
Refreshing native plugins compatible for Editor in 0.20 ms, found 0 plugins.
Preloading 0 native plugins for Editor in 0.00 ms.
Mono: successfully reloaded assembly
- Completed reload, in  0.815 seconds
Platform modules already initialized, skipping
Refreshing native plugins compatible for Editor in 0.33 ms, found 0 plugins.
Preloading 0 native plugins for Editor in 0.00 ms.
Unloading 1114 Unused Serialized files (Serialized files now loaded: 0)
System memory in use before: 61.5 MB.
System memory in use after: 61.6 MB.

Unloading 5 unused Assets to reduce memory usage. Loaded Objects now: 1635.
Total: 1.829100 ms (FindLiveObjects: 0.158200 ms CreateObjectMapping: 0.082500 ms MarkObjects: 1.499100 ms  DeleteObjects: 0.087500 ms)

========================================================================
Received Prepare
Registering precompiled user dll's ...
Registered in 0.000621 seconds.
Begin MonoManager ReloadAssembly
Native extension for WindowsStandalone target not found
Native extension for WebGL target not found
Refreshing native plugins compatible for Editor in 0.21 ms, found 0 plugins.
Preloading 0 native plugins for Editor in 0.00 ms.
Mono: successfully reloaded assembly
- Completed reload, in  0.807 seconds
Platform modules already initialized, skipping
Refreshing native plugins compatible for Editor in 0.25 ms, found 0 plugins.
Preloading 0 native plugins for Editor in 0.00 ms.
Unloading 1114 Unused Serialized files (Serialized files now loaded: 0)
System memory in use before: 61.5 MB.
System memory in use after: 61.6 MB.

Unloading 5 unused Assets to reduce memory usage. Loaded Objects now: 1638.
Total: 1.786200 ms (FindLiveObjects: 0.138400 ms CreateObjectMapping: 0.027500 ms MarkObjects: 1.520800 ms  DeleteObjects: 0.098400 ms)

========================================================================
Received Prepare
Registering precompiled user dll's ...
Registered in 0.000551 seconds.
Begin MonoManager ReloadAssembly
Native extension for WindowsStandalone target not found
Native extension for WebGL target not found
Refreshing native plugins compatible for Editor in 0.29 ms, found 0 plugins.
Preloading 0 native plugins for Editor in 0.00 ms.
Mono: successfully reloaded assembly
- Completed reload, in  0.832 seconds
Platform modules already initialized, skipping
Refreshing native plugins compatible for Editor in 0.29 ms, found 0 plugins.
Preloading 0 native plugins for Editor in 0.00 ms.
Unloading 1114 Unused Serialized files (Serialized files now loaded: 0)
System memory in use before: 61.5 MB.
System memory in use after: 61.6 MB.

Unloading 5 unused Assets to reduce memory usage. Loaded Objects now: 1641.
Total: 2.091900 ms (FindLiveObjects: 0.291200 ms CreateObjectMapping: 0.136000 ms MarkObjects: 1.565600 ms  DeleteObjects: 0.097400 ms)

========================================================================
Received Prepare
Registering precompiled user dll's ...
Registered in 0.000637 seconds.
Begin MonoManager ReloadAssembly
Native extension for WindowsStandalone target not found
Native extension for WebGL target not found
Refreshing native plugins compatible for Editor in 0.20 ms, found 0 plugins.
Preloading 0 native plugins for Editor in 0.00 ms.
Mono: successfully reloaded assembly
- Completed reload, in  0.747 seconds
Platform modules already initialized, skipping
Refreshing native plugins compatible for Editor in 0.45 ms, found 0 plugins.
Preloading 0 native plugins for Editor in 0.00 ms.
Unloading 1114 Unused Serialized files (Serialized files now loaded: 0)
System memory in use before: 61.5 MB.
System memory in use after: 61.6 MB.

Unloading 5 unused Assets to reduce memory usage. Loaded Objects now: 1644.
Total: 1.857200 ms (FindLiveObjects: 0.221700 ms CreateObjectMapping: 0.064600 ms MarkObjects: 1.510100 ms  DeleteObjects: 0.059400 ms)

========================================================================
Received Prepare
Registering precompiled user dll's ...
Registered in 0.000681 seconds.
Begin MonoManager ReloadAssembly
Native extension for WindowsStandalone target not found
Native extension for WebGL target not found
Refreshing native plugins compatible for Editor in 0.20 ms, found 0 plugins.
Preloading 0 native plugins for Editor in 0.00 ms.
Mono: successfully reloaded assembly
- Completed reload, in  0.835 seconds
Platform modules already initialized, skipping
Refreshing native plugins compatible for Editor in 0.20 ms, found 0 plugins.
Preloading 0 native plugins for Editor in 0.00 ms.
Unloading 1114 Unused Serialized files (Serialized files now loaded: 0)
System memory in use before: 61.5 MB.
System memory in use after: 61.6 MB.

Unloading 5 unused Assets to reduce memory usage. Loaded Objects now: 1647.
Total: 1.614700 ms (FindLiveObjects: 0.168700 ms CreateObjectMapping: 0.036400 ms MarkObjects: 1.315800 ms  DeleteObjects: 0.092400 ms)

========================================================================
Received Prepare
Registering precompiled user dll's ...
Registered in 0.001019 seconds.
Begin MonoManager ReloadAssembly
Native extension for WindowsStandalone target not found
Native extension for WebGL target not found
Refreshing native plugins compatible for Editor in 0.36 ms, found 0 plugins.
Preloading 0 native plugins for Editor in 0.00 ms.
Mono: successfully reloaded assembly
- Completed reload, in  1.099 seconds
Platform modules already initialized, skipping
Refreshing native plugins compatible for Editor in 0.26 ms, found 0 plugins.
Preloading 0 native plugins for Editor in 0.00 ms.
Unloading 1114 Unused Serialized files (Serialized files now loaded: 0)
System memory in use before: 61.5 MB.
System memory in use after: 61.6 MB.

Unloading 5 unused Assets to reduce memory usage. Loaded Objects now: 1650.
Total: 2.142200 ms (FindLiveObjects: 0.334700 ms CreateObjectMapping: 0.124000 ms MarkObjects: 1.602600 ms  DeleteObjects: 0.078500 ms)

========================================================================
Received Prepare
Registering precompiled user dll's ...
Registered in 0.000684 seconds.
Begin MonoManager ReloadAssembly
Native extension for WindowsStandalone target not found
Native extension for WebGL target not found
Refreshing native plugins compatible for Editor in 0.35 ms, found 0 plugins.
Preloading 0 native plugins for Editor in 0.00 ms.
Mono: successfully reloaded assembly
- Completed reload, in  0.774 seconds
Platform modules already initialized, skipping
Refreshing native plugins compatible for Editor in 0.26 ms, found 0 plugins.
Preloading 0 native plugins for Editor in 0.00 ms.
Unloading 1114 Unused Serialized files (Serialized files now loaded: 0)
System memory in use before: 61.5 MB.
System memory in use after: 61.6 MB.

Unloading 5 unused Assets to reduce memory usage. Loaded Objects now: 1653.
Total: 1.689800 ms (FindLiveObjects: 0.225900 ms CreateObjectMapping: 0.059000 ms MarkObjects: 1.329200 ms  DeleteObjects: 0.074000 ms)

========================================================================
Received Prepare
Registering precompiled user dll's ...
Registered in 0.000940 seconds.
Begin MonoManager ReloadAssembly
Native extension for WindowsStandalone target not found
Native extension for WebGL target not found
Refreshing native plugins compatible for Editor in 0.20 ms, found 0 plugins.
Preloading 0 native plugins for Editor in 0.00 ms.
Mono: successfully reloaded assembly
- Completed reload, in  0.826 seconds
Platform modules already initialized, skipping
Refreshing native plugins compatible for Editor in 0.21 ms, found 0 plugins.
Preloading 0 native plugins for Editor in 0.00 ms.
Unloading 1114 Unused Serialized files (Serialized files now loaded: 0)
System memory in use before: 61.5 MB.
System memory in use after: 61.6 MB.

Unloading 5 unused Assets to reduce memory usage. Loaded Objects now: 1656.
Total: 1.813000 ms (FindLiveObjects: 0.259900 ms CreateObjectMapping: 0.046700 ms MarkObjects: 1.447400 ms  DeleteObjects: 0.057000 ms)

AssetImportWorkerClient::OnTransportError - code=2 error=End of file
